0 info it worked if it ends with ok
1 verbose cli [ 'F:\\Program Files\\nodejs\\node.exe',
1 verbose cli   'F:\\Program Files\\nodejs\\node_modules\\npm\\bin\\npm-cli.js',
1 verbose cli   'start' ]
2 info using npm@3.10.10
3 info using node@v6.10.3
4 verbose run-script [ 'prestart', 'start', 'poststart' ]
5 info lifecycle formsapp@1.0.0~prestart: formsapp@1.0.0
6 silly lifecycle formsapp@1.0.0~prestart: no script for prestart, continuing
7 info lifecycle formsapp@1.0.0~start: formsapp@1.0.0
8 verbose lifecycle formsapp@1.0.0~start: unsafe-perm in lifecycle true
9 verbose lifecycle formsapp@1.0.0~start: PATH: F:\Program Files\nodejs\node_modules\npm\bin\node-gyp-bin;F:\JS\react\formsapp\node_modules\.bin;C:\Windows\system32;C:\Windows;C:\Windows\System32\Wbem;C:\Windows\System32\WindowsPowerShell\v1.0\;C:\Program Files\Windows Kits\8.1\Windows Performance Toolkit\;C:\Program Files\Microsoft SQL Server\110\Tools\Binn\;C:\Program Files\Skype\Phone\;F:\Program Files\Brackets\command;C:\ProgramData\chocolatey\bin;f:\Program Files\Git\cmd;C:\Program Files\Common Files\Acronis\SnapAPI\;C:\ProgramData\ComposerSetup\bin;F:\Program Files\nodejs\;C:\Windows\system32;C:\Windows;C:\Windows\System32\Wbem;C:\Windows\System32\WindowsPowerShell\v1.0\;C:\Program Files\Windows Kits\8.1\Windows Performance Toolkit\;C:\Program Files\Microsoft SQL Server\110\Tools\Binn\;C:\Program Files\Skype\Phone\;F:\Program Files\Brackets\command;C:\ProgramData\chocolatey\bin;f:\Program Files\Git\cmd;C:\Program Files\Common Files\Acronis\SnapAPI\;C:\ProgramData\ComposerSetup\bin;C:\Users\mike\AppData\Local\Microsoft\WindowsApps;C:\Users\mike\.babun;C:\tools\php71;C:\Users\mike\AppData\Roaming\Composer\vendor\bin;C:\bin;C:\Users\mike\AppData\Roaming\npm;C:\Users\mike\AppData\Roaming\Composer\vendor\bin
10 verbose lifecycle formsapp@1.0.0~start: CWD: F:\JS\react\formsapp
11 silly lifecycle formsapp@1.0.0~start: Args: [ '/d /s /c', 'lite-server' ]
12 verbose stack Error: kill ENOSYS
12 verbose stack     at exports._errnoException (util.js:1018:11)
12 verbose stack     at process.kill (internal/process.js:190:13)
12 verbose stack     at process.listener (F:\Program Files\nodejs\node_modules\npm\node_modules\npmlog\node_modules\gauge\node_modules\signal-exit\index.js:86:15)
12 verbose stack     at emitNone (events.js:91:20)
12 verbose stack     at process.emit (events.js:185:7)
12 verbose stack     at processEmit (F:\Program Files\nodejs\node_modules\npm\node_modules\npmlog\node_modules\gauge\node_modules\signal-exit\index.js:146:32)
12 verbose stack     at processEmit (F:\Program Files\nodejs\node_modules\npm\node_modules\npm-registry-client\node_modules\npmlog\node_modules\gauge\node_modules\signal-exit\index.js:146:32)
12 verbose stack     at Signal.wrap.onsignal (internal/process.js:217:44)
13 verbose cwd F:\JS\react\formsapp
14 error Windows_NT 10.0.14393
15 error argv "F:\\Program Files\\nodejs\\node.exe" "F:\\Program Files\\nodejs\\node_modules\\npm\\bin\\npm-cli.js" "start"
16 error node v6.10.3
17 error npm  v3.10.10
18 error code ENOSYS
19 error errno ENOSYS
20 error syscall kill
21 error kill ENOSYS
22 error If you need help, you may report this error at:
22 error     <https://github.com/npm/npm/issues>
23 verbose exit [ 1, true ]
